{"/usr/src/app/src/app.ts": {"path":"/usr/src/app/src/app.ts","statementMap":{"0":{"start":{"line":13,"column":6},"end":{"line":23,"column":null}},"1":{"start":{"line":25,"column":0},"end":{"line":40,"column":null}},"2":{"start":{"line":26,"column":4},"end":{"line":34,"column":null}},"3":{"start":{"line":36,"column":4},"end":{"line":39,"column":null}},"4":{"start":{"line":42,"column":0},"end":{"line":42,"column":null}},"5":{"start":{"line":43,"column":0},"end":{"line":43,"column":null}},"6":{"start":{"line":46,"column":0},"end":{"line":46,"column":null}},"7":{"start":{"line":47,"column":0},"end":{"line":47,"column":null}},"8":{"start":{"line":48,"column":0},"end":{"line":48,"column":null}}},"fnMap":{},"branchMap":{"0":{"loc":{"start":{"line":25,"column":0},"end":{"line":40,"column":null}},"type":"if","locations":[{"start":{"line":25,"column":0},"end":{"line":40,"column":null}},{"start":{},"end":{}}],"line":25}},"s":{"0":3,"1":3,"2":0,"3":0,"4":3,"5":3,"6":3,"7":3,"8":3},"f":{},"b":{"0":[0,3]},"meta":{"lastBranch":1,"lastFunction":0,"lastStatement":9,"seen":{"s:13:6:23:Infinity":0,"b:25:0:40:Infinity:undefined:undefined:undefined:undefined":0,"s:25:0:40:Infinity":1,"s:26:4:34:Infinity":2,"s:36:4:39:Infinity":3,"s:42:0:42:Infinity":4,"s:43:0:43:Infinity":5,"s:46:0:46:Infinity":6,"s:47:0:47:Infinity":7,"s:48:0:48:Infinity":8}}}
,"/usr/src/app/src/database/client.ts": {"path":"/usr/src/app/src/database/client.ts","statementMap":{"0":{"start":{"line":3,"column":13},"end":{"line":5,"column":null}}},"fnMap":{},"branchMap":{},"s":{"0":3},"f":{},"b":{},"meta":{"lastBranch":0,"lastFunction":0,"lastStatement":1,"seen":{"s:3:13:5:Infinity":0}}}
,"/usr/src/app/src/database/schema.ts": {"path":"/usr/src/app/src/database/schema.ts","statementMap":{"0":{"start":{"line":3,"column":13},"end":{"line":7,"column":null}},"1":{"start":{"line":9,"column":13},"end":{"line":13,"column":null}},"2":{"start":{"line":15,"column":13},"end":{"line":22,"column":null}},"3":{"start":{"line":17,"column":46},"end":{"line":17,"column":54}},"4":{"start":{"line":18,"column":48},"end":{"line":18,"column":58}},"5":{"start":{"line":20,"column":12},"end":{"line":22,"column":1}}},"fnMap":{"0":{"name":"(anonymous_0)","decl":{"start":{"line":17,"column":40},"end":{"line":17,"column":46}},"loc":{"start":{"line":17,"column":46},"end":{"line":17,"column":54}},"line":17},"1":{"name":"(anonymous_1)","decl":{"start":{"line":18,"column":42},"end":{"line":18,"column":48}},"loc":{"start":{"line":18,"column":48},"end":{"line":18,"column":58}},"line":18},"2":{"name":"(anonymous_2)","decl":{"start":{"line":20,"column":3},"end":{"line":20,"column":12}},"loc":{"start":{"line":20,"column":12},"end":{"line":22,"column":1}},"line":20}},"branchMap":{},"s":{"0":3,"1":3,"2":3,"3":0,"4":0,"5":0},"f":{"0":0,"1":0,"2":0},"b":{},"meta":{"lastBranch":0,"lastFunction":3,"lastStatement":6,"seen":{"s:3:13:7:Infinity":0,"s:9:13:13:Infinity":1,"s:15:13:22:Infinity":2,"f:17:40:17:46":0,"s:17:46:17:54":3,"f:18:42:18:48":1,"s:18:48:18:58":4,"f:20:3:20:12":2,"s:20:12:22:1":5}}}
,"/usr/src/app/src/routes/create-courses.ts": {"path":"/usr/src/app/src/routes/create-courses.ts","statementMap":{"0":{"start":{"line":6,"column":57},"end":{"line":29,"column":null}},"1":{"start":{"line":7,"column":4},"end":{"line":28,"column":null}},"2":{"start":{"line":20,"column":28},"end":{"line":20,"column":null}},"3":{"start":{"line":22,"column":23},"end":{"line":25,"column":null}},"4":{"start":{"line":27,"column":8},"end":{"line":27,"column":null}}},"fnMap":{"0":{"name":"(anonymous_0)","decl":{"start":{"line":6,"column":57},"end":{"line":6,"column":64}},"loc":{"start":{"line":6,"column":75},"end":{"line":29,"column":null}},"line":6},"1":{"name":"(anonymous_1)","decl":{"start":{"line":18,"column":7},"end":{"line":18,"column":14}},"loc":{"start":{"line":18,"column":33},"end":{"line":28,"column":5}},"line":18}},"branchMap":{},"s":{"0":3,"1":3,"2":1,"3":1,"4":1},"f":{"0":3,"1":1},"b":{},"meta":{"lastBranch":0,"lastFunction":2,"lastStatement":5,"seen":{"s:6:57:29:Infinity":0,"f:6:57:6:64":0,"s:7:4:28:Infinity":1,"f:18:7:18:14":1,"s:20:28:20:Infinity":2,"s:22:23:25:Infinity":3,"s:27:8:27:Infinity":4}}}
,"/usr/src/app/src/routes/get-courses-by-id.ts": {"path":"/usr/src/app/src/routes/get-courses-by-id.ts","statementMap":{"0":{"start":{"line":7,"column":59},"end":{"line":40,"column":null}},"1":{"start":{"line":8,"column":4},"end":{"line":39,"column":null}},"2":{"start":{"line":27,"column":25},"end":{"line":27,"column":null}},"3":{"start":{"line":29,"column":23},"end":{"line":32,"column":null}},"4":{"start":{"line":34,"column":8},"end":{"line":36,"column":null}},"5":{"start":{"line":35,"column":12},"end":{"line":35,"column":null}},"6":{"start":{"line":38,"column":8},"end":{"line":38,"column":null}}},"fnMap":{"0":{"name":"(anonymous_0)","decl":{"start":{"line":7,"column":59},"end":{"line":7,"column":66}},"loc":{"start":{"line":7,"column":77},"end":{"line":40,"column":null}},"line":7},"1":{"name":"(anonymous_1)","decl":{"start":{"line":26,"column":7},"end":{"line":26,"column":14}},"loc":{"start":{"line":26,"column":33},"end":{"line":39,"column":5}},"line":26}},"branchMap":{"0":{"loc":{"start":{"line":34,"column":8},"end":{"line":36,"column":null}},"type":"if","locations":[{"start":{"line":34,"column":8},"end":{"line":36,"column":null}},{"start":{},"end":{}}],"line":34}},"s":{"0":3,"1":3,"2":2,"3":2,"4":2,"5":1,"6":1},"f":{"0":3,"1":2},"b":{"0":[1,1]},"meta":{"lastBranch":1,"lastFunction":2,"lastStatement":7,"seen":{"s:7:59:40:Infinity":0,"f:7:59:7:66":0,"s:8:4:39:Infinity":1,"f:26:7:26:14":1,"s:27:25:27:Infinity":2,"s:29:23:32:Infinity":3,"b:34:8:36:Infinity:undefined:undefined:undefined:undefined":0,"s:34:8:36:Infinity":4,"s:35:12:35:Infinity":5,"s:38:8:38:Infinity":6}}}
,"/usr/src/app/src/routes/get-courses.ts": {"path":"/usr/src/app/src/routes/get-courses.ts","statementMap":{"0":{"start":{"line":7,"column":55},"end":{"line":57,"column":null}},"1":{"start":{"line":8,"column":4},"end":{"line":56,"column":null}},"2":{"start":{"line":30,"column":42},"end":{"line":30,"column":null}},"3":{"start":{"line":32,"column":46},"end":{"line":32,"column":null}},"4":{"start":{"line":34,"column":8},"end":{"line":36,"column":null}},"5":{"start":{"line":35,"column":12},"end":{"line":35,"column":null}},"6":{"start":{"line":38,"column":32},"end":{"line":53,"column":null}},"7":{"start":{"line":55,"column":8},"end":{"line":55,"column":null}}},"fnMap":{"0":{"name":"(anonymous_0)","decl":{"start":{"line":7,"column":55},"end":{"line":7,"column":62}},"loc":{"start":{"line":7,"column":73},"end":{"line":57,"column":null}},"line":7},"1":{"name":"(anonymous_1)","decl":{"start":{"line":29,"column":7},"end":{"line":29,"column":14}},"loc":{"start":{"line":29,"column":33},"end":{"line":56,"column":5}},"line":29}},"branchMap":{"0":{"loc":{"start":{"line":34,"column":8},"end":{"line":36,"column":null}},"type":"if","locations":[{"start":{"line":34,"column":8},"end":{"line":36,"column":null}},{"start":{},"end":{}}],"line":34}},"s":{"0":3,"1":3,"2":1,"3":1,"4":1,"5":1,"6":1,"7":1},"f":{"0":3,"1":1},"b":{"0":[1,0]},"meta":{"lastBranch":1,"lastFunction":2,"lastStatement":8,"seen":{"s:7:55:57:Infinity":0,"f:7:55:7:62":0,"s:8:4:56:Infinity":1,"f:29:7:29:14":1,"s:30:42:30:Infinity":2,"s:32:46:32:Infinity":3,"b:34:8:36:Infinity:undefined:undefined:undefined:undefined":0,"s:34:8:36:Infinity":4,"s:35:12:35:Infinity":5,"s:38:32:53:Infinity":6,"s:55:8:55:Infinity":7}}}
,"/usr/src/app/src/tests/factories/make-course.ts": {"path":"/usr/src/app/src/tests/factories/make-course.ts","statementMap":{"0":{"start":{"line":6,"column":19},"end":{"line":8,"column":null}},"1":{"start":{"line":10,"column":4},"end":{"line":10,"column":null}}},"fnMap":{"0":{"name":"makeCourse","decl":{"start":{"line":5,"column":22},"end":{"line":5,"column":33}},"loc":{"start":{"line":5,"column":49},"end":{"line":11,"column":null}},"line":5}},"branchMap":{"0":{"loc":{"start":{"line":7,"column":15},"end":{"line":7,"column":null}},"type":"binary-expr","locations":[{"start":{"line":7,"column":15},"end":{"line":7,"column":24}},{"start":{"line":7,"column":24},"end":{"line":7,"column":null}}],"line":7}},"s":{"0":2,"1":2},"f":{"0":2},"b":{"0":[2,1]},"meta":{"lastBranch":1,"lastFunction":1,"lastStatement":2,"seen":{"f:5:22:5:33":0,"s:6:19:8:Infinity":0,"b:7:15:7:24:7:24:7:Infinity":0,"s:10:4:10:Infinity":1}}}
}
